2022-11-27 20:16:00,596 INFO o.a.j.u.JMeterUtils: Setting Locale to en_EN
2022-11-27 20:16:00,613 INFO o.a.j.JMeter: Loading user properties from: C:\Program Files\apache-jmeter-5.5\bin\user.properties
2022-11-27 20:16:00,617 INFO o.a.j.JMeter: Loading system properties from: C:\Program Files\apache-jmeter-5.5\bin\system.properties
2022-11-27 20:16:00,628 INFO o.a.j.JMeter: Copyright (c) 1998-2022 The Apache Software Foundation
2022-11-27 20:16:00,628 INFO o.a.j.JMeter: Version 5.5
2022-11-27 20:16:00,628 INFO o.a.j.JMeter: java.version=1.8.0_351
2022-11-27 20:16:00,629 INFO o.a.j.JMeter: java.vm.name=Java HotSpot(TM) Client VM
2022-11-27 20:16:00,629 INFO o.a.j.JMeter: os.name=Windows 10
2022-11-27 20:16:00,629 INFO o.a.j.JMeter: os.arch=x86
2022-11-27 20:16:00,629 INFO o.a.j.JMeter: os.version=10.0
2022-11-27 20:16:00,629 INFO o.a.j.JMeter: file.encoding=Cp1252
2022-11-27 20:16:00,629 INFO o.a.j.JMeter: java.awt.headless=null
2022-11-27 20:16:00,629 INFO o.a.j.JMeter: Max memory     =1073741824
2022-11-27 20:16:00,629 INFO o.a.j.JMeter: Available Processors =16
2022-11-27 20:16:00,636 INFO o.a.j.JMeter: Default Locale=English (EN)
2022-11-27 20:16:00,636 INFO o.a.j.JMeter: JMeter  Locale=English (EN)
2022-11-27 20:16:00,636 INFO o.a.j.JMeter: JMeterHome=C:\Program Files\apache-jmeter-5.5
2022-11-27 20:16:00,636 INFO o.a.j.JMeter: user.dir  =C:\Users\ASUS\Documents\GitHub\Test-Framework\jmeter
2022-11-27 20:16:00,636 INFO o.a.j.JMeter: PWD       =C:\Users\ASUS\Documents\GitHub\Test-Framework\jmeter
2022-11-27 20:16:09,688 INFO o.a.j.JMeter: IP: 169.254.97.240 Name: LAPTOP-NCL87KIJ FullName: LAPTOP-NCL87KIJ
2022-11-27 20:16:09,738 INFO o.a.j.JMeter: Loaded icon properties from org/apache/jmeter/images/icon.properties
2022-11-27 20:16:10,138 INFO o.a.j.JMeterGuiLauncher: Setting LAF to: com.github.weisj.darklaf.DarkLaf:com.github.weisj.darklaf.theme.DarculaTheme
